<?xml version="1.0" encoding="UTF-8"?>
<!-- Generated by org.testng.reporters.JUnitReportReporter -->
<testsuite hostname="PHIOAKPC-4588" failures="0" tests="3" name="membershipCart_US.AnnualProtection" time="50.355" errors="0" timestamp="2022-12-22T08:05:01 EST" skipped="0">
  <testcase classname="membershipCart_US.AnnualProtection" name="AnnualMembership" time="2.639"/>
  <system-out/>
  <testcase classname="membershipCart_US.AnnualProtection" name="AnnualQuote" time="20.669"/>
  <system-out/>
  <testcase classname="membershipCart_US.AnnualProtection" name="SummaryQuote" time="27.047"/>
  <system-out/>
</testsuite> <!-- membershipCart_US.AnnualProtection -->
